<?xml version="1.0" encoding="UTF-8"?>
<!-- Generated by org.testng.reporters.JUnitReportReporter -->
<testsuite hostname="LAPTOP-4AD9QAPI" failures="0" tests="1" name="com.prospection.assigment.TestCases.TestWeatherView" time="3.749" errors="0" timestamp="2023-01-11T16:32:20 IST" skipped="0">
  <testcase classname="com.prospection.assigment.TestCases.TestWeatherView" name="TestBrowser" time="3.749"/>
  <system-out/>
</testsuite> <!-- com.prospection.assigment.TestCases.TestWeatherView -->
