<?xml version="1.0" encoding="UTF-8"?>
<!-- Generated by org.testng.reporters.JUnitReportReporter -->
<testsuite hostname="LAPTOP-4AD9QAPI" failures="0" tests="1" name="com.prospection.assignment.TestCases.TestWeatherView" time="4.533" errors="0" timestamp="2023-01-11T18:17:25 IST" skipped="0">
  <testcase classname="com.prospection.assignment.TestCases.TestWeatherView" name="TestBrowser" time="4.533"/>
  <system-out/>
</testsuite> <!-- com.prospection.assignment.TestCases.TestWeatherView -->
