<?xml version="1.0" encoding="UTF-8"?>
<!-- Generated by org.testng.reporters.JUnitReportReporter -->
<testsuite hostname="LAPTOP-4AD9QAPI" failures="0" tests="5" name="com.prospection.assignment.TestCases.TestWeatherView" time="37.233" errors="0" timestamp="2023-01-15T13:11:42 IST" skipped="0">
  <testcase classname="com.prospection.assignment.TestCases.TestWeatherView" name="SearchandSaveLocations" time="7.517"/>
  <system-out/>
  <testcase classname="com.prospection.assignment.TestCases.TestWeatherView" name="ForgetSavedLocations" time="4.851"/>
  <system-out/>
  <testcase classname="com.prospection.assignment.TestCases.TestWeatherView" name="SearchandSaveLocations" time="8.880"/>
  <system-out/>
  <testcase classname="com.prospection.assignment.TestCases.TestWeatherView" name="SearchandSaveLocations" time="8.170"/>
  <system-out/>
  <testcase classname="com.prospection.assignment.TestCases.TestWeatherView" name="SearchandSaveLocations" time="7.815"/>
  <system-out/>
</testsuite> <!-- com.prospection.assignment.TestCases.TestWeatherView -->
